#
# There is insufficient memory for the Java Runtime Environment to continue.
# Native memory allocation (malloc) failed to allocate 32744 bytes for ChunkPool::allocate
# Possible reasons:
#   The system is out of physical RAM or swap space
#   In 32 bit mode, the process size limit was hit
# Possible solutions:
#   Reduce memory load on the system
#   Increase physical memory or swap space
#   Check if swap backing store is full
#   Use 64 bit Java on a 64 bit OS
#   Decrease Java heap size (-Xmx/-Xms)
#   Decrease number of Java threads
#   Decrease Java thread stack sizes (-Xss)
#   Set larger code cache with -XX:ReservedCodeCacheSize=
# This output file may be truncated or incomplete.
#
#  Out of Memory Error (allocation.cpp:273), pid=23472, tid=19772
#
# JRE version: Java(TM) SE Runtime Environment (8.0_60-b27) (build 1.8.0_60-b27)
# Java VM: Java HotSpot(TM) 64-Bit Server VM (25.60-b23 mixed mode windows-amd64 compressed oops)
# Failed to write core dump. Minidumps are not enabled by default on client versions of Windows
#

---------------  T H R E A D  ---------------

Current thread (0x000000001e708000):  JavaThread "C2 CompilerThread0" daemon [_thread_in_native, id=19772, stack(0x000000001ecc0000,0x000000001edc0000)]

Stack: [0x000000001ecc0000,0x000000001edc0000]
[error occurred during error reporting (printing stack bounds), id 0xc0000005]

Native frames: (J=compiled Java code, j=interpreted, Vv=VM code, C=native code)


Current CompileTask:
C2: 106189 5483       4       org.springframework.util.AntPathMatcher::doMatch (619 bytes)


---------------  P R O C E S S  ---------------

Java Threads: ( => current thread )
  0x0000000024c74800 JavaThread "logback-9" daemon [_thread_blocked, id=22512, stack(0x0000000027290000,0x0000000027390000)]
  0x0000000024c79000 JavaThread "logback-8" daemon [_thread_blocked, id=3280, stack(0x00000000267f0000,0x00000000268f0000)]
  0x0000000024c6d000 JavaThread "logback-7" daemon [_thread_blocked, id=17704, stack(0x00000000266f0000,0x00000000267f0000)]
  0x0000000024c73000 JavaThread "logback-6" daemon [_thread_blocked, id=2644, stack(0x00000000265f0000,0x00000000266f0000)]
  0x0000000024c71800 JavaThread "DestroyJavaVM" [_thread_blocked, id=2224, stack(0x00000000032e0000,0x00000000033e0000)]
  0x0000000024c6f800 JavaThread "http-nio-8080-Acceptor" daemon [_thread_in_native, id=7560, stack(0x00000000280d0000,0x00000000281d0000)]
  0x0000000024c71000 JavaThread "http-nio-8080-ClientPoller" daemon [_thread_in_native, id=19344, stack(0x0000000027fd0000,0x00000000280d0000)]
  0x0000000024c6e000 JavaThread "http-nio-8080-exec-10" daemon [_thread_blocked, id=15700, stack(0x0000000027ed0000,0x0000000027fd0000)]
  0x0000000024c74000 JavaThread "http-nio-8080-exec-9" daemon [_thread_blocked, id=24404, stack(0x0000000027dd0000,0x0000000027ed0000)]
  0x0000000024c70000 JavaThread "http-nio-8080-exec-8" daemon [_thread_blocked, id=12940, stack(0x0000000027cd0000,0x0000000027dd0000)]
  0x0000000024c6c800 JavaThread "http-nio-8080-exec-7" daemon [_thread_blocked, id=6672, stack(0x0000000027bd0000,0x0000000027cd0000)]
  0x0000000024c6b800 JavaThread "http-nio-8080-exec-6" daemon [_thread_blocked, id=19892, stack(0x0000000027ad0000,0x0000000027bd0000)]
  0x0000000024c6e800 JavaThread "http-nio-8080-exec-5" daemon [_thread_blocked, id=13108, stack(0x00000000279d0000,0x0000000027ad0000)]
  0x0000000024c72800 JavaThread "http-nio-8080-exec-4" daemon [_thread_blocked, id=22316, stack(0x00000000278d0000,0x00000000279d0000)]
  0x0000000024c6b000 JavaThread "http-nio-8080-exec-3" daemon [_thread_blocked, id=20936, stack(0x00000000277d0000,0x00000000278d0000)]
  0x0000000020a26800 JavaThread "http-nio-8080-exec-2" daemon [_thread_blocked, id=20952, stack(0x00000000276d0000,0x00000000277d0000)]
  0x0000000020a2c000 JavaThread "http-nio-8080-exec-1" daemon [_thread_blocked, id=740, stack(0x00000000275d0000,0x00000000276d0000)]
  0x0000000020a29800 JavaThread "http-nio-8080-BlockPoller" daemon [_thread_in_native, id=8624, stack(0x00000000274d0000,0x00000000275d0000)]
  0x0000000020a26000 JavaThread "logback-5" daemon [_thread_blocked, id=3620, stack(0x0000000025870000,0x0000000025970000)]
  0x0000000020a28000 JavaThread "HikariCP housekeeper" daemon [_thread_blocked, id=10708, stack(0x0000000026e90000,0x0000000026f90000)]
  0x0000000020a27800 JavaThread "xxl-job, admin JobScheduleHelper#ringThread" daemon [_thread_blocked, id=15544, stack(0x0000000026210000,0x0000000026310000)]
  0x0000000020a29000 JavaThread "xxl-job, admin JobScheduleHelper#scheduleThread" daemon [_thread_blocked, id=11400, stack(0x0000000026110000,0x0000000026210000)]
  0x0000000020a2c800 JavaThread "xxl-job, admin JobLogReportHelper" daemon [_thread_blocked, id=16296, stack(0x0000000025f10000,0x0000000026010000)]
  0x000000001fe81800 JavaThread "xxl-job, admin JobLosedMonitorHelper" daemon [_thread_blocked, id=14480, stack(0x0000000025e10000,0x0000000025f10000)]
  0x000000001fe85000 JavaThread "xxl-job, admin JobFailMonitorHelper" daemon [_thread_blocked, id=10976, stack(0x0000000025ae0000,0x0000000025be0000)]
  0x000000001fe84800 JavaThread "xxl-job, admin JobRegistryMonitorHelper" daemon [_thread_blocked, id=3676, stack(0x00000000259e0000,0x0000000025ae0000)]
  0x000000001fe80800 JavaThread "Abandoned connection cleanup thread" daemon [_thread_blocked, id=23396, stack(0x0000000025770000,0x0000000025870000)]
  0x000000001fe83000 JavaThread "logback-4" daemon [_thread_blocked, id=1052, stack(0x00000000243d0000,0x00000000244d0000)]
  0x000000001fe80000 JavaThread "container-0" [_thread_blocked, id=3752, stack(0x00000000232d0000,0x00000000233d0000)]
  0x000000001fe86000 JavaThread "Catalina-utility-2" [_thread_blocked, id=7972, stack(0x00000000231d0000,0x00000000232d0000)]
  0x000000001fe83800 JavaThread "Catalina-utility-1" [_thread_blocked, id=19956, stack(0x0000000022e10000,0x0000000022f10000)]
  0x000000001fe82000 JavaThread "logback-3" daemon [_thread_blocked, id=22224, stack(0x0000000020d40000,0x0000000020e40000)]
  0x000000001f62a000 JavaThread "logback-2" daemon [_thread_blocked, id=3876, stack(0x000000001fa70000,0x000000001fb70000)]
  0x000000001e78d800 JavaThread "Service Thread" daemon [_thread_blocked, id=5496, stack(0x000000001efc0000,0x000000001f0c0000)]
  0x000000001e70b800 JavaThread "C1 CompilerThread2" daemon [_thread_blocked, id=8376, stack(0x000000001eec0000,0x000000001efc0000)]
  0x000000001e709800 JavaThread "C2 CompilerThread1" daemon [_thread_in_native, id=8756, stack(0x000000001edc0000,0x000000001eec0000)]
=>0x000000001e708000 JavaThread "C2 CompilerThread0" daemon [_thread_in_native, id=19772, stack(0x000000001ecc0000,0x000000001edc0000)]
  0x000000001e704800 JavaThread "Attach Listener" daemon [_thread_blocked, id=13604, stack(0x000000001ebc0000,0x000000001ecc0000)]
  0x000000001ccfe800 JavaThread "Signal Dispatcher" daemon [_thread_blocked, id=18236, stack(0x000000001eac0000,0x000000001ebc0000)]
  0x000000001ccab000 JavaThread "Finalizer" daemon [_thread_blocked, id=20900, stack(0x000000001e560000,0x000000001e660000)]
  0x000000001ccaa800 JavaThread "Reference Handler" daemon [_thread_blocked, id=17816, stack(0x000000001e460000,0x000000001e560000)]

Other Threads:
  0x000000001cca7800 VMThread [stack: 0x000000001e360000,0x000000001e460000] [id=18508]
  0x000000001e7ec800 WatcherThread [stack: 0x000000001f0c0000,0x000000001f1c0000] [id=20816]

VM state:not at safepoint (normal execution)

VM Mutex/Monitor currently owned by a thread: None

Heap:
 PSYoungGen      total 191488K, used 19291K [0x000000076b500000, 0x0000000777e80000, 0x00000007c0000000)
  eden space 180736K, 4% used [0x000000076b500000,0x000000076bd5ba68,0x0000000776580000)
  from space 10752K, 99% used [0x0000000777000000,0x0000000777a7b2f0,0x0000000777a80000)
  to   space 10752K, 0% used [0x0000000776580000,0x0000000776580000,0x0000000777000000)
 ParOldGen       total 113152K, used 27736K [0x00000006c1e00000, 0x00000006c8c80000, 0x000000076b500000)
  object space 113152K, 24% used [0x00000006c1e00000,0x00000006c3916338,0x00000006c8c80000)
 Metaspace       used 49328K, capacity 51889K, committed 52056K, reserved 1095680K
  class space    used 6301K, capacity 6741K, committed 6744K, reserved 1048576K

Card table byte_map: [0x00000000128a0000,0x00000000130a0000] byte_map_base: 0x000000000f291000

Marking Bits: (ParMarkBitMap*) 0x000000006902a5b0
 Begin Bits: [0x0000000013bf0000, 0x0000000017b78000)
 End Bits:   [0x0000000017b78000, 0x000000001bb00000)

Polling page: 0x00000000016e0000

CodeCache: size=245760Kb used=15223Kb max_used=15238Kb free=230536Kb
 bounds [0x00000000034e0000, 0x00000000043e0000, 0x00000000124e0000]
 total_blobs=5402 nmethods=4875 adapters=438
 compilation: enabled

Compilation events (10 events):
Event: 106.173 Thread 0x000000001e70b800 5494       3       org.apache.tomcat.util.net.SocketWrapperBase::doWrite (20 bytes)
Event: 106.174 Thread 0x000000001e70b800 nmethod 5494 0x00000000041af450 code [0x00000000041af5e0, 0x00000000041af9d8]
Event: 106.174 Thread 0x000000001e70b800 5495   !   3       org.apache.tomcat.util.net.NioSelectorPool::write (267 bytes)
Event: 106.175 Thread 0x000000001e70b800 nmethod 5495 0x00000000041ace50 code [0x00000000041ad120, 0x00000000041ae858]
Event: 106.175 Thread 0x000000001e70b800 5497       3       org.apache.tomcat.util.net.NioEndpoint$NioSocketWrapper::updateLastWrite (8 bytes)
Event: 106.175 Thread 0x000000001e70b800 nmethod 5497 0x00000000041acad0 code [0x00000000041acc20, 0x00000000041acdb0]
Event: 106.175 Thread 0x000000001e70b800 5496       3       org.apache.tomcat.util.net.SocketBufferHandler::configureWriteBufferForWrite (6 bytes)
Event: 106.175 Thread 0x000000001e70b800 nmethod 5496 0x00000000041ac750 code [0x00000000041ac8c0, 0x00000000041aca48]
Event: 106.182 Thread 0x000000001e708000 nmethod 5480 0x00000000041a7590 code [0x00000000041a7700, 0x00000000041a8418]
Event: 106.182 Thread 0x000000001e708000 5483       4       org.springframework.util.AntPathMatcher::doMatch (619 bytes)

GC Heap History (10 events):
Event: 1.264 GC heap before
{Heap before GC invocations=4 (full 1):
 PSYoungGen      total 141824K, used 131072K [0x000000076b500000, 0x0000000774a00000, 0x00000007c0000000)
  eden space 131072K, 100% used [0x000000076b500000,0x0000000773500000,0x0000000773500000)
  from space 10752K, 0% used [0x0000000773f80000,0x0000000773f80000,0x0000000774a00000)
  to   space 10752K, 0% used [0x0000000773500000,0x0000000773500000,0x0000000773f80000)
 ParOldGen       total 113152K, used 8240K [0x00000006c1e00000, 0x00000006c8c80000, 0x000000076b500000)
  object space 113152K, 7% used [0x00000006c1e00000,0x00000006c260c130,0x00000006c8c80000)
 Metaspace       used 23336K, capacity 24156K, committed 24320K, reserved 1071104K
  class space    used 2885K, capacity 3070K, committed 3072K, reserved 1048576K
Event: 1.267 GC heap after
Heap after GC invocations=4 (full 1):
 PSYoungGen      total 141824K, used 5373K [0x000000076b500000, 0x0000000777a80000, 0x00000007c0000000)
  eden space 131072K, 0% used [0x000000076b500000,0x000000076b500000,0x0000000773500000)
  from space 10752K, 49% used [0x0000000773500000,0x0000000773a3f6a8,0x0000000773f80000)
  to   space 10752K, 0% used [0x0000000777000000,0x0000000777000000,0x0000000777a80000)
 ParOldGen       total 113152K, used 8248K [0x00000006c1e00000, 0x00000006c8c80000, 0x000000076b500000)
  object space 113152K, 7% used [0x00000006c1e00000,0x00000006c260e130,0x00000006c8c80000)
 Metaspace       used 23336K, capacity 24156K, committed 24320K, reserved 1071104K
  class space    used 2885K, capacity 3070K, committed 3072K, reserved 1048576K
}
Event: 1.354 GC heap before
{Heap before GC invocations=5 (full 1):
 PSYoungGen      total 141824K, used 136445K [0x000000076b500000, 0x0000000777a80000, 0x00000007c0000000)
  eden space 131072K, 100% used [0x000000076b500000,0x0000000773500000,0x0000000773500000)
  from space 10752K, 49% used [0x0000000773500000,0x0000000773a3f6a8,0x0000000773f80000)
  to   space 10752K, 0% used [0x0000000777000000,0x0000000777000000,0x0000000777a80000)
 ParOldGen       total 113152K, used 8248K [0x00000006c1e00000, 0x00000006c8c80000, 0x000000076b500000)
  object space 113152K, 7% used [0x00000006c1e00000,0x00000006c260e130,0x00000006c8c80000)
 Metaspace       used 23632K, capacity 24492K, committed 24704K, reserved 1071104K
  class space    used 2910K, capacity 3108K, committed 3200K, reserved 1048576K
Event: 1.356 GC heap after
Heap after GC invocations=5 (full 1):
 PSYoungGen      total 191488K, used 3609K [0x000000076b500000, 0x0000000777e80000, 0x00000007c0000000)
  eden space 180736K, 0% used [0x000000076b500000,0x000000076b500000,0x0000000776580000)
  from space 10752K, 33% used [0x0000000777000000,0x0000000777386750,0x0000000777a80000)
  to   space 10752K, 0% used [0x0000000776580000,0x0000000776580000,0x0000000777000000)
 ParOldGen       total 113152K, used 8256K [0x00000006c1e00000, 0x00000006c8c80000, 0x000000076b500000)
  object space 113152K, 7% used [0x00000006c1e00000,0x00000006c2610130,0x00000006c8c80000)
 Metaspace       used 23632K, capacity 24492K, committed 24704K, reserved 1071104K
  class space    used 2910K, capacity 3108K, committed 3200K, reserved 1048576K
}
Event: 2.734 GC heap before
{Heap before GC invocations=6 (full 1):
 PSYoungGen      total 191488K, used 176720K [0x000000076b500000, 0x0000000777e80000, 0x00000007c0000000)
  eden space 180736K, 95% used [0x000000076b500000,0x0000000775e0daf0,0x0000000776580000)
  from space 10752K, 33% used [0x0000000777000000,0x0000000777386750,0x0000000777a80000)
  to   space 10752K, 0% used [0x0000000776580000,0x0000000776580000,0x0000000777000000)
 ParOldGen       total 113152K, used 8256K [0x00000006c1e00000, 0x00000006c8c80000, 0x000000076b500000)
  object space 113152K, 7% used [0x00000006c1e00000,0x00000006c2610130,0x00000006c8c80000)
 Metaspace       used 33630K, capacity 35352K, committed 35416K, reserved 1079296K
  class space    used 4312K, capacity 4656K, committed 4696K, reserved 1048576K
Event: 2.756 GC heap after
Heap after GC invocations=6 (full 1):
 PSYoungGen      total 191488K, used 10730K [0x000000076b500000, 0x0000000777e80000, 0x00000007c0000000)
  eden space 180736K, 0% used [0x000000076b500000,0x000000076b500000,0x0000000776580000)
  from space 10752K, 99% used [0x0000000776580000,0x0000000776ffa8b0,0x0000000777000000)
  to   space 10752K, 0% used [0x0000000777000000,0x0000000777000000,0x0000000777a80000)
 ParOldGen       total 113152K, used 12665K [0x00000006c1e00000, 0x00000006c8c80000, 0x000000076b500000)
  object space 113152K, 11% used [0x00000006c1e00000,0x00000006c2a5e588,0x00000006c8c80000)
 Metaspace       used 33630K, capacity 35352K, committed 35416K, reserved 1079296K
  class space    used 4312K, capacity 4656K, committed 4696K, reserved 1048576K
}
Event: 2.756 GC heap before
{Heap before GC invocations=7 (full 2):
 PSYoungGen      total 191488K, used 10730K [0x000000076b500000, 0x0000000777e80000, 0x00000007c0000000)
  eden space 180736K, 0% used [0x000000076b500000,0x000000076b500000,0x0000000776580000)
  from space 10752K, 99% used [0x0000000776580000,0x0000000776ffa8b0,0x0000000777000000)
  to   space 10752K, 0% used [0x0000000777000000,0x0000000777000000,0x0000000777a80000)
 ParOldGen       total 113152K, used 12665K [0x00000006c1e00000, 0x00000006c8c80000, 0x000000076b500000)
  object space 113152K, 11% used [0x00000006c1e00000,0x00000006c2a5e588,0x00000006c8c80000)
 Metaspace       used 33630K, capacity 35352K, committed 35416K, reserved 1079296K
  class space    used 4312K, capacity 4656K, committed 4696K, reserved 1048576K
Event: 2.802 GC heap after
Heap after GC invocations=7 (full 2):
 PSYoungGen      total 191488K, used 0K [0x000000076b500000, 0x0000000777e80000, 0x00000007c0000000)
  eden space 180736K, 0% used [0x000000076b500000,0x000000076b500000,0x0000000776580000)
  from space 10752K, 0% used [0x0000000776580000,0x0000000776580000,0x0000000777000000)
  to   space 10752K, 0% used [0x0000000777000000,0x0000000777000000,0x0000000777a80000)
 ParOldGen       total 113152K, used 20156K [0x00000006c1e00000, 0x00000006c8c80000, 0x000000076b500000)
  object space 113152K, 17% used [0x00000006c1e00000,0x00000006c31af018,0x00000006c8c80000)
 Metaspace       used 33630K, capacity 35352K, committed 35416K, reserved 1079296K
  class space    used 4312K, capacity 4656K, committed 4696K, reserved 1048576K
}
Event: 106.131 GC heap before
{Heap before GC invocations=8 (full 2):
 PSYoungGen      total 191488K, used 180736K [0x000000076b500000, 0x0000000777e80000, 0x00000007c0000000)
  eden space 180736K, 100% used [0x000000076b500000,0x0000000776580000,0x0000000776580000)
  from space 10752K, 0% used [0x0000000776580000,0x0000000776580000,0x0000000777000000)
  to   space 10752K, 0% used [0x0000000777000000,0x0000000777000000,0x0000000777a80000)
 ParOldGen       total 113152K, used 20156K [0x00000006c1e00000, 0x00000006c8c80000, 0x000000076b500000)
  object space 113152K, 17% used [0x00000006c1e00000,0x00000006c31af018,0x00000006c8c80000)
 Metaspace       used 49292K, capacity 51825K, committed 52056K, reserved 1095680K
  class space    used 6301K, capacity 6741K, committed 6744K, reserved 1048576K
Event: 106.149 GC heap after
Heap after GC invocations=8 (full 2):
 PSYoungGen      total 191488K, used 10732K [0x000000076b500000, 0x0000000777e80000, 0x00000007c0000000)
  eden space 180736K, 0% used [0x000000076b500000,0x000000076b500000,0x0000000776580000)
  from space 10752K, 99% used [0x0000000777000000,0x0000000777a7b2f0,0x0000000777a80000)
  to   space 10752K, 0% used [0x0000000776580000,0x0000000776580000,0x0000000777000000)
 ParOldGen       total 113152K, used 27736K [0x00000006c1e00000, 0x00000006c8c80000, 0x000000076b500000)
  object space 113152K, 24% used [0x00000006c1e00000,0x00000006c3916338,0x00000006c8c80000)
 Metaspace       used 49292K, capacity 51825K, committed 52056K, reserved 1095680K
  class space    used 6301K, capacity 6741K, committed 6744K, reserved 1048576K
}

Deoptimization events (10 events):
Event: 3.603 Thread 0x00000000033e3800 Uncommon trap: reason=class_check action=maybe_recompile pc=0x0000000003f31070 method=java.lang.reflect.Method.equals(Ljava/lang/Object;)Z @ 5
Event: 3.609 Thread 0x00000000033e3800 Uncommon trap: reason=unstable_if action=reinterpret pc=0x00000000041a0cb8 method=org.springframework.core.annotation.AnnotationsScanner.processMethodHierarchy(Ljava/lang/Object;[ILjava/lang/Class;Lorg/springframework/core/annotation/AnnotationsProcessor;LŸ<,Ôš@
Event: 3.636 Thread 0x00000000033e3800 Uncommon trap: reason=unstable_if action=reinterpret pc=0x0000000003d28ad4 method=org.springframework.beans.factory.support.AbstractAutowireCapableBeanFactory.determineTargetType(Ljava/lang/String;Lorg/springframework/beans/factory/support/RootBeanDefiniti
Event: 3.678 Thread 0x00000000033e3800 Uncommon trap: reason=null_check action=make_not_entrant pc=0x0000000003b715c8 method=java.util.AbstractCollection.toArray([Ljava/lang/Object;)[Ljava/lang/Object; @ 119
Event: 48.376 Thread 0x0000000024c6b000 Uncommon trap: reason=unstable_if action=reinterpret pc=0x00000000043972dc method=org.springframework.beans.factory.support.AbstractBeanFactory.isTypeMatch(Ljava/lang/String;Lorg/springframework/core/ResolvableType;Z)Z @ 34
Event: 48.514 Thread 0x0000000024c6b000 Uncommon trap: reason=unstable_if action=reinterpret pc=0x0000000003f83280 method=java.nio.Buffer.limit(I)Ljava/nio/Buffer; @ 33
Event: 57.855 Thread 0x0000000020a2c000 Uncommon trap: reason=unstable_if action=reinterpret pc=0x000000000397ea1c method=java.nio.Buffer.<init>(IIII)V @ 66
Event: 105.488 Thread 0x0000000024c72800 Uncommon trap: reason=unstable_if action=reinterpret pc=0x0000000003f82e68 method=java.nio.Buffer.<init>(IIII)V @ 66
Event: 106.050 Thread 0x0000000024c6e000 Uncommon trap: reason=unstable_if action=reinterpret pc=0x000000000396cb10 method=freemarker.core.FMParser.jj_scan_token(I)Z @ 28
Event: 106.082 Thread 0x0000000024c6e000 Uncommon trap: reason=unstable_if action=reinterpret pc=0x0000000003b6ede8 method=java.lang.Character.isHighSurrogate(C)Z @ 3

Internal exceptions (10 events):
Event: 48.347 Thread 0x0000000020a26800 Exception <a 'java/lang/NoSuchMethodError': java.lang.Object.lambda$builder$1(Ljava/lang/String;)Lio/micrometer/core/instrument/Timer$Builder;> (0x0000000773eb7c68) thrown at [C:\re\workspace\8-2-build-windows-amd64-cygwin\jdk8u60\4407\hotspot\src\share\vm
Event: 48.370 Thread 0x0000000024c6b000 Exception <a 'java/lang/ClassNotFoundException': com/xxl/job/admin/core/util/I18nUtilBeanInfo> (0x000000077416e2a0) thrown at [C:\re\workspace\8-2-build-windows-amd64-cygwin\jdk8u60\4407\hotspot\src\share\vm\classfile\systemDictionary.cpp, line 210]
Event: 48.371 Thread 0x0000000024c6b000 Exception <a 'java/lang/ClassNotFoundException': com/xxl/job/admin/core/util/I18nUtilCustomizer> (0x0000000774180708) thrown at [C:\re\workspace\8-2-build-windows-amd64-cygwin\jdk8u60\4407\hotspot\src\share\vm\classfile\systemDictionary.cpp, line 210]
Event: 48.470 Thread 0x0000000024c6b000 Exception <a 'java/lang/NoClassDefFoundError': org/python/core/PyException> (0x0000000774bff170) thrown at [C:\re\workspace\8-2-build-windows-amd64-cygwin\jdk8u60\4407\hotspot\src\share\vm\classfile\systemDictionary.cpp, line 199]
Event: 48.484 Thread 0x0000000024c6b000 Exception <a 'java/lang/ClassNotFoundException': org/springframework/web/servlet/support/RequestContextBeanInfo> (0x0000000774cfaff8) thrown at [C:\re\workspace\8-2-build-windows-amd64-cygwin\jdk8u60\4407\hotspot\src\share\vm\classfile\systemDictionary.cpp(#ÓF>H@
Event: 48.485 Thread 0x0000000024c6b000 Exception <a 'java/lang/ClassNotFoundException': org/springframework/web/servlet/support/RequestContextCustomizer> (0x0000000774d12170) thrown at [C:\re\workspace\8-2-build-windows-amd64-cygwin\jdk8u60\4407\hotspot\src\share\vm\classfile\systemDictionary.c¹¾´M–@H@
Event: 48.505 Thread 0x0000000024c6b000 Exception <a 'java/lang/ClassNotFoundException': java/lang/StringBeanInfo> (0x0000000774ec48e8) thrown at [C:\re\workspace\8-2-build-windows-amd64-cygwin\jdk8u60\4407\hotspot\src\share\vm\classfile\systemDictionary.cpp, line 210]
Event: 48.505 Thread 0x0000000024c6b000 Exception <a 'java/lang/ClassNotFoundException': java/lang/StringCustomizer> (0x0000000774ecd070) thrown at [C:\re\workspace\8-2-build-windows-amd64-cygwin\jdk8u60\4407\hotspot\src\share\vm\classfile\systemDictionary.cpp, line 210]
Event: 106.061 Thread 0x0000000024c6e000 Exception <a 'java/lang/ClassNotFoundException': com/xxl/job/admin/core/model/XxlJobUserBeanInfo> (0x00000007760d89f0) thrown at [C:\re\workspace\8-2-build-windows-amd64-cygwin\jdk8u60\4407\hotspot\src\share\vm\classfile\systemDictionary.cpp, line 210]
Event: 106.062 Thread 0x0000000024c6e000 Exception <a 'java/lang/ClassNotFoundException': com/xxl/job/admin/core/model/XxlJobUserCustomizer> (0x00000007760ec428) thrown at [C:\re\workspace\8-2-build-windows-amd64-cygwin\jdk8u60\4407\hotspot\src\share\vm\classfile\systemDictionary.cpp, line 210]

Events (10 events):
Event: 106.128 Executing VM operation: RevokeBias
Event: 106.128 Executing VM operation: RevokeBias done
Event: 106.128 Executing VM operation: RevokeBias
Event: 106.128 Executing VM operation: RevokeBias done
Event: 106.130 Executing VM operation: RevokeBias
Event: 106.131 Executing VM operation: RevokeBias done
Event: 106.131 Executing VM operation: ParallelGCFailedAllocation
Event: 106.149 Executing VM operation: ParallelGCFailedAllocation done
Event: 106.149 Thread 0x000000001e70b800 flushing nmethod 0x0000000003ea4290
Event: 106.150 Thread 0x000000001e70b800 flushing nmethod 0x0000000004182250


Dynamic libraries:
0x00007ff6c7b10000 - 0x00007ff6c7b47000 	D:\Program Files\Java\bin\javaw.exe
0x00007ffbfd100000 - 0x00007ffbfd2f0000 	C:\WINDOWS\SYSTEM32\ntdll.dll
0x00007ffbfd000000 - 0x00007ffbfd0b2000 	C:\WINDOWS\System32\KERNEL32.DLL
0x00007ffbfae80000 - 0x00007ffbfb123000 	C:\WINDOWS\System32\KERNELBASE.dll
0x00007ffbfb6b0000 - 0x00007ffbfb753000 	C:\WINDOWS\System32\ADVAPI32.dll
0x00007ffbfca10000 - 0x00007ffbfcaae000 	C:\WINDOWS\System32\msvcrt.dll
0x00007ffbfb840000 - 0x00007ffbfb8d7000 	C:\WINDOWS\System32\sechost.dll
0x00007ffbfbd20000 - 0x00007ffbfbe40000 	C:\WINDOWS\System32\RPCRT4.dll
0x00007ffbfb8e0000 - 0x00007ffbfba74000 	C:\WINDOWS\System32\USER32.dll
0x00007ffbfac70000 - 0x00007ffbfac91000 	C:\WINDOWS\System32\win32u.dll
0x00007ffbfcc90000 - 0x00007ffbfccb6000 	C:\WINDOWS\System32\GDI32.dll
0x00007ffbfa930000 - 0x00007ffbfaac4000 	C:\WINDOWS\System32\gdi32full.dll
0x00007ffbfa890000 - 0x00007ffbfa92e000 	C:\WINDOWS\System32\msvcp_win.dll
0x00007ffbfacd0000 - 0x00007ffbfadca000 	C:\WINDOWS\System32\ucrtbase.dll
0x00007ffbec2c0000 - 0x00007ffbec545000 	C:\WINDOWS\WinSxS\amd64_microsoft.windows.common-controls_6595b64144ccf1df_6.0.18362.778_none_e6c6b761130d4fb8\COMCTL32.dll
0x00007ffbfb2f0000 - 0x00007ffbfb626000 	C:\WINDOWS\System32\combase.dll
0x00007ffbfb130000 - 0x00007ffbfb1b0000 	C:\WINDOWS\System32\bcryptPrimitives.dll
0x00007ffbfb1d0000 - 0x00007ffbfb1fe000 	C:\WINDOWS\System32\IMM32.DLL
0x00000000684a0000 - 0x0000000068572000 	D:\Program Files\Java\bin\msvcr100.dll
0x0000000068820000 - 0x00000000690a9000 	D:\Program Files\Java\bin\server\jvm.dll
0x00007ffbfb6a0000 - 0x00007ffbfb6a8000 	C:\WINDOWS\System32\PSAPI.DLL
0x00007ffbf9b60000 - 0x00007ffbf9b6a000 	C:\WINDOWS\SYSTEM32\VERSION.dll
0x00007ffbf5d20000 - 0x00007ffbf5d29000 	C:\WINDOWS\SYSTEM32\WSOCK32.dll
0x00007ffbf80a0000 - 0x00007ffbf80c4000 	C:\WINDOWS\SYSTEM32\WINMM.dll
0x00007ffbfc530000 - 0x00007ffbfc59f000 	C:\WINDOWS\System32\WS2_32.dll
0x00007ffbf7f70000 - 0x00007ffbf7f9d000 	C:\WINDOWS\SYSTEM32\WINMMBASE.dll
0x00007ffbfaad0000 - 0x00007ffbfab1a000 	C:\WINDOWS\System32\cfgmgr32.dll
0x0000000068730000 - 0x000000006873f000 	D:\Program Files\Java\bin\verify.dll
0x0000000068640000 - 0x0000000068669000 	D:\Program Files\Java\bin\java.dll
0x00000000685f0000 - 0x0000000068606000 	D:\Program Files\Java\bin\zip.dll
0x00007ffbfbe40000 - 0x00007ffbfc525000 	C:\WINDOWS\System32\SHELL32.dll
0x00007ffbfcab0000 - 0x00007ffbfcb59000 	C:\WINDOWS\System32\shcore.dll
0x00007ffbfa0b0000 - 0x00007ffbfa830000 	C:\WINDOWS\System32\windows.storage.dll
0x00007ffbf9ff0000 - 0x00007ffbfa013000 	C:\WINDOWS\System32\profapi.dll
0x00007ffbfa040000 - 0x00007ffbfa08a000 	C:\WINDOWS\System32\powrprof.dll
0x00007ffbf9fc0000 - 0x00007ffbf9fd0000 	C:\WINDOWS\System32\UMPDC.dll
0x00007ffbfccc0000 - 0x00007ffbfcd12000 	C:\WINDOWS\System32\shlwapi.dll
0x00007ffbf9fd0000 - 0x00007ffbf9fe1000 	C:\WINDOWS\System32\kernel.appcore.dll
0x00007ffbfa090000 - 0x00007ffbfa0a7000 	C:\WINDOWS\System32\cryptsp.dll
0x0000000068720000 - 0x000000006872d000 	D:\Program Files\Java\bin\management.dll
0x00000000685d0000 - 0x00000000685ea000 	D:\Program Files\Java\bin\net.dll
0x00007ffbf9760000 - 0x00007ffbf97c7000 	C:\WINDOWS\system32\mswsock.dll
0x00007ffbe75c0000 - 0x00007ffbe75d6000 	C:\WINDOWS\system32\napinsp.dll
0x00007ffbd20c0000 - 0x00007ffbd20da000 	C:\WINDOWS\system32\pnrpnsp.dll
0x00007ffbf94b0000 - 0x00007ffbf957a000 	C:\WINDOWS\SYSTEM32\DNSAPI.dll
0x00007ffbfb2e0000 - 0x00007ffbfb2e8000 	C:\WINDOWS\System32\NSI.dll
0x00007ffbf9470000 - 0x00007ffbf94aa000 	C:\WINDOWS\SYSTEM32\IPHLPAPI.DLL
0x00007ffbea1e0000 - 0x00007ffbea1ee000 	C:\WINDOWS\System32\winrnr.dll
0x00007ffbf67b0000 - 0x00007ffbf67cc000 	C:\WINDOWS\system32\NLAapi.dll
0x00007ffbda5b0000 - 0x00007ffbda5c5000 	C:\WINDOWS\system32\wshbth.dll
0x00007ffbeedf0000 - 0x00007ffbeedfa000 	C:\Windows\System32\rasadhlp.dll
0x00007ffbf3d40000 - 0x00007ffbf3db7000 	C:\WINDOWS\System32\fwpuclnt.dll
0x00007ffbfaca0000 - 0x00007ffbfacc6000 	C:\WINDOWS\System32\bcrypt.dll
0x00000000685b0000 - 0x00000000685c1000 	D:\Program Files\Java\bin\nio.dll
0x00007ffbf92d0000 - 0x00007ffbf9303000 	C:\WINDOWS\system32\rsaenh.dll
0x00007ffbf9ee0000 - 0x00007ffbf9f05000 	C:\WINDOWS\SYSTEM32\USERENV.dll
0x00007ffbf9930000 - 0x00007ffbf993c000 	C:\WINDOWS\SYSTEM32\CRYPTBASE.dll
0x00007ffbf4050000 - 0x00007ffbf4066000 	C:\WINDOWS\SYSTEM32\dhcpcsvc6.DLL
0x00007ffbf4020000 - 0x00007ffbf403c000 	C:\WINDOWS\SYSTEM32\dhcpcsvc.DLL

VM Arguments:
jvm_args: -Dfile.encoding=UTF-8 
java_command: com.xxl.job.admin.XxlJobAdminApplication
java_class_path (initial): D:\Program Files\Java\lib\resources.jar;D:\Program Files\Java\lib\rt.jar;D:\Program Files\Java\lib\jsse.jar;D:\Program Files\Java\lib\jce.jar;D:\Program Files\Java\lib\charsets.jar;D:\Program Files\Java\lib\jfr.jar;D:\Program Files\Java\lib\ext\access-bridge-64.jar;D:\Program Files\Java\lib\ext\cldrdata.jar;D:\Program Files\Java\lib\ext\dnsns.jar;D:\Program Files\Java\lib\ext\jaccess.jar;D:\Program Files\Java\lib\ext\jfxrt.jar;D:\Program Files\Java\lib\ext\localedata.jar;D:\Program Files\Java\lib\ext\nashorn.jar;D:\Program Files\Java\lib\ext\sunec.jar;D:\Program Files\Java\lib\ext\sunjce_provider.jar;D:\Program Files\Java\lib\ext\sunmscapi.jar;D:\Program Files\Java\lib\ext\sunpkcs11.jar;D:\Program Files\Java\lib\ext\zipfs.jar;D:\project\other\xxl-job\xxl-job-admin\target\classes;D:\maven\springboot\org\springframework\boot\spring-boot-starter-web\2.3.0.RELEASE\spring-boot-starter-web-2.3.0.RELEASE.jar;D:\maven\springboot\org\springframework\boot\spring-boot-starter\2.3.0.RELEASE\spring-boot-starter-2.3.0.RELEASE.jar;D:\maven\springboot\org\springframework\boot\spring-boot\2.3.0.RELEASE\spring-boot-2.3.0.RELEASE.jar;D:\maven\springboot\org\springframework\boot\spring-boot-autoconfigure\2.3.0.RELEASE\spring-boot-autoconfigure-2.3.0.RELEASE.jar;D:\maven\springboot\org\springframework\boot\spring-boot-starter-logging\2.3.0.RELEASE\spring-boot-starter-logging-2.3.0.RELEASE.jar;D:\maven\springboot\ch\qos\logback\logback-classic\1.2.3\logback-classic-1.2.3.jar;D:\maven\springboot\ch\qos\logback\logback-core\1.2.3\logback-core-1.2.3.jar;D:\maven\springboot\org\apache\logging\log4j\log4j-to-slf4j\2.13.2\log4j-to-slf4j-2.13.2.jar;D:\maven\springboot\org\apache\logging\log4j\log4j-api\2.13.2\log4j-api-2.13.2.jar;D:\maven\springboot\org\slf4j\jul-to-slf4j\1.7.30\jul-to-slf4j-1.7.30.jar;D:\maven\springboot\jakarta\annotation\jakarta.annotation-api\1.3.5\jakarta.annotation-api-1.3.5.jar;D:\maven\springboot\org\yaml\snakeyaml\1.26\snakeyaml-1.26.jar;D:
Launcher Type: SUN_STANDARD

Environment Variables:
JAVA_HOME=D:\Program Files\Java\jdk1.8.0_60
CLASSPATH=.;D:\Program Files\Java\jdk1.8.0_60\lib\dt.jar;D:\Program Files\Java\jdk1.8.0_60\lib\tools.jar
PATH=D:/Program Files/Java/bin/server;D:/Program Files/Java/bin;D:/Program Files/Java/lib/amd64;D:\Program Files (x86)\NetSarang\Xshell 6\;C:\ProgramData\Oracle\Java\javapath;C:\WINDOWS\system32;C:\WINDOWS;C:\WINDOWS\System32\Wbem;C:\WINDOWS\System32\WindowsPowerShell\v1.0\;C:\WINDOWS\System32\OpenSSH\;D:\Program Files\Java\jdk1.8.0_60\bin;D:\¿ª·¢¹¤¾ß\apache-maven-3.5.4\apache-maven-3.5.4\bin;D:\Program Files\TortoiseGit\bin;D:\Program Files\Git\cmd;D:\Program Files\nodejs\;C:\Python27\;C:\Users\Administrator\AppData\Local\Microsoft\WindowsApps;C:\Users\Administrator\AppData\Roaming\npm;D:\Program Files\Microsoft VS Code\bin;D:\¿ª·¢¹¤¾ß\eclipse-jee-oxygen-3-win32-x86_64\eclipse;
USERNAME=Administrator
OS=Windows_NT
PROCESSOR_IDENTIFIER=Intel64 Family 6 Model 158 Stepping 10, GenuineIntel



---------------  S Y S T E M  ---------------

OS: Windows 10.0 , 64 bit Build 18362 (10.0.18362.778)

CPU:total 6 (6 cores per cpu, 1 threads per core) family 6 model 158 stepping 10, cmov, cx8, fxsr, mmx, sse, sse2, sse3, ssse3, sse4.1, sse4.2, popcnt, avx, avx2, aes, clmul, erms, 3dnowpref, lzcnt, tsc, tscinvbit, bmi1, bmi2, adx

Memory: 4k page, physical 16650956k(3677828k free), swap 29681976k(796k free)

vm_info: Java HotSpot(TM) 64-Bit Server VM (25.60-b23) for windows-amd64 JRE (1.8.0_60-b27), built on Aug  4 2015 11:06:27 by "java_re" with MS VC++ 10.0 (VS2010)

time: Wed Aug 26 17:41:32 2020
elapsed time: 106 seconds (0d 0h 1m 46s)

